2024-11-17 20:19:34,854 INFO     Reading the LMSC dataset...
2024-11-17 20:19:37,759 INFO     Solving the problems...
2024-11-17 20:19:37,760 INFO     Solver: optimal, Problem: 5,10,10-1, Total cost: 5086.08
2024-11-17 20:19:37,761 INFO     Solver: optimal, Problem: 5,10,10-2, Total cost: 7352.66
2024-11-17 20:19:37,762 INFO     Solver: optimal, Problem: 5,10,10-3, Total cost: 7652.32
2024-11-17 20:19:37,762 INFO     Solver: optimal, Problem: 10,10,10-1, Total cost: 12221.76
2024-11-17 20:19:37,762 INFO     Solver: optimal, Problem: 10,10,10-2, Total cost: 14275.53
2024-11-17 20:19:37,763 INFO     Solver: optimal, Problem: 10,10,10-3, Total cost: 14200.75
2024-11-17 20:19:37,763 INFO     Solver: optimal, Problem: 5,10,20-1, Total cost: 4252.04
2024-11-17 20:19:37,763 INFO     Solver: optimal, Problem: 5,10,20-2, Total cost: 5497.29
2024-11-17 20:19:37,763 INFO     Solver: optimal, Problem: 5,10,20-3, Total cost: 5866.18
2024-11-17 20:19:37,763 INFO     Solver: optimal, Problem: 5,20,10-1, Total cost: 13512.96
2024-11-17 20:19:37,764 INFO     Solver: optimal, Problem: 5,20,10-2, Total cost: 15803.26
2024-11-17 20:19:37,764 INFO     Solver: optimal, Problem: 5,20,10-3, Total cost: 16703.56
2024-11-17 20:19:37,764 INFO     Solver: optimal, Problem: 5,20,20-1, Total cost: 11392.82
2024-11-17 20:19:37,764 INFO     Solver: optimal, Problem: 5,20,20-2, Total cost: 13045.16
2024-11-17 20:19:37,765 INFO     Solver: optimal, Problem: 5,20,20-3, Total cost: 14366.02
2024-11-17 20:19:37,765 INFO     Solver: optimal, Problem: 5,5,5-1, Total cost: 2648.63
2024-11-17 20:19:37,765 INFO     Solver: optimal, Problem: 5,5,5-2, Total cost: 5944.42
2024-11-17 20:19:37,766 INFO     Solver: optimal, Problem: 5,5,5-3, Total cost: 6653.88
2024-11-17 20:19:37,767 INFO     Solver: random, Problem: 5,10,10-1, Total cost: 17329.49
2024-11-17 20:19:37,767 INFO     Solver: random, Problem: 5,10,10-2, Total cost: 23797.60
2024-11-17 20:19:37,767 INFO     Solver: random, Problem: 5,10,10-3, Total cost: 25771.62
2024-11-17 20:19:37,768 INFO     Solver: random, Problem: 10,10,10-1, Total cost: 37000.92
2024-11-17 20:19:37,769 INFO     Solver: random, Problem: 10,10,10-2, Total cost: 42287.38
2024-11-17 20:19:37,770 INFO     Solver: random, Problem: 10,10,10-3, Total cost: 44131.35
2024-11-17 20:19:37,770 INFO     Solver: random, Problem: 5,10,20-1, Total cost: 16910.04
2024-11-17 20:19:37,770 INFO     Solver: random, Problem: 5,10,20-2, Total cost: 22216.49
2024-11-17 20:19:37,771 INFO     Solver: random, Problem: 5,10,20-3, Total cost: 25441.90
2024-11-17 20:19:37,771 INFO     Solver: random, Problem: 5,20,10-1, Total cost: 38419.64
2024-11-17 20:19:37,772 INFO     Solver: random, Problem: 5,20,10-2, Total cost: 51449.15
2024-11-17 20:19:37,773 INFO     Solver: random, Problem: 5,20,10-3, Total cost: 52926.59
2024-11-17 20:19:37,773 INFO     Solver: random, Problem: 5,20,20-1, Total cost: 42701.08
2024-11-17 20:19:37,774 INFO     Solver: random, Problem: 5,20,20-2, Total cost: 45734.46
2024-11-17 20:19:37,775 INFO     Solver: random, Problem: 5,20,20-3, Total cost: 51772.41
2024-11-17 20:19:37,775 INFO     Solver: random, Problem: 5,5,5-1, Total cost: 6373.60
2024-11-17 20:19:37,775 INFO     Solver: random, Problem: 5,5,5-2, Total cost: 10117.63
2024-11-17 20:19:37,775 INFO     Solver: random, Problem: 5,5,5-3, Total cost: 9417.43
2024-11-17 20:19:37,776 INFO     Solver: greedy, Problem: 5,10,10-1, Total cost: 6325.05
2024-11-17 20:19:37,776 INFO     Solver: greedy, Problem: 5,10,10-2, Total cost: 10974.05
2024-11-17 20:19:37,776 INFO     Solver: greedy, Problem: 5,10,10-3, Total cost: 12521.69
2024-11-17 20:19:37,776 INFO     Solver: greedy, Problem: 10,10,10-1, Total cost: 14849.09
2024-11-17 20:19:37,777 INFO     Solver: greedy, Problem: 10,10,10-2, Total cost: 21835.97
2024-11-17 20:19:37,777 INFO     Solver: greedy, Problem: 10,10,10-3, Total cost: 23082.48
2024-11-17 20:19:37,777 INFO     Solver: greedy, Problem: 5,10,20-1, Total cost: 6091.69
2024-11-17 20:19:37,777 INFO     Solver: greedy, Problem: 5,10,20-2, Total cost: 9377.16
2024-11-17 20:19:37,777 INFO     Solver: greedy, Problem: 5,10,20-3, Total cost: 9414.35
2024-11-17 20:19:37,778 INFO     Solver: greedy, Problem: 5,20,10-1, Total cost: 15446.19
2024-11-17 20:19:37,778 INFO     Solver: greedy, Problem: 5,20,10-2, Total cost: 19195.71
2024-11-17 20:19:37,778 INFO     Solver: greedy, Problem: 5,20,10-3, Total cost: 20396.13
2024-11-17 20:19:37,779 INFO     Solver: greedy, Problem: 5,20,20-1, Total cost: 14002.05
2024-11-17 20:19:37,779 INFO     Solver: greedy, Problem: 5,20,20-2, Total cost: 17038.35
2024-11-17 20:19:37,779 INFO     Solver: greedy, Problem: 5,20,20-3, Total cost: 18597.85
2024-11-17 20:19:37,780 INFO     Solver: greedy, Problem: 5,5,5-1, Total cost: 3495.44
2024-11-17 20:19:37,780 INFO     Solver: greedy, Problem: 5,5,5-2, Total cost: 8266.23
2024-11-17 20:19:37,780 INFO     Solver: greedy, Problem: 5,5,5-3, Total cost: 8868.77
2024-11-17 20:19:38,173 INFO     Solver: gnn, Problem: 5,10,10-1, Total cost: 5192.80
2024-11-17 20:19:38,487 INFO     Solver: gnn, Problem: 5,10,10-2, Total cost: 7391.84
2024-11-17 20:19:38,792 INFO     Solver: gnn, Problem: 5,10,10-3, Total cost: 7652.32
2024-11-17 20:19:39,102 INFO     Solver: gnn, Problem: 10,10,10-1, Total cost: 15331.90
2024-11-17 20:19:39,426 INFO     Solver: gnn, Problem: 10,10,10-2, Total cost: 14275.53
2024-11-17 20:19:39,757 INFO     Solver: gnn, Problem: 10,10,10-3, Total cost: 14200.75
2024-11-17 20:19:40,080 INFO     Solver: gnn, Problem: 5,10,20-1, Total cost: 4613.68
2024-11-17 20:19:40,414 INFO     Solver: gnn, Problem: 5,10,20-2, Total cost: 5536.48
2024-11-17 20:19:40,752 INFO     Solver: gnn, Problem: 5,10,20-3, Total cost: 5866.18
2024-11-17 20:19:41,064 INFO     Solver: gnn, Problem: 5,20,10-1, Total cost: 14222.25
2024-11-17 20:19:41,375 INFO     Solver: gnn, Problem: 5,20,10-2, Total cost: 15982.76
2024-11-17 20:19:41,699 INFO     Solver: gnn, Problem: 5,20,10-3, Total cost: 17203.44
2024-11-17 20:19:42,096 INFO     Solver: gnn, Problem: 5,20,20-1, Total cost: 13629.40
2024-11-17 20:19:42,505 INFO     Solver: gnn, Problem: 5,20,20-2, Total cost: 14853.80
2024-11-17 20:19:42,936 INFO     Solver: gnn, Problem: 5,20,20-3, Total cost: 16339.31
2024-11-17 20:19:43,051 INFO     Solver: gnn, Problem: 5,5,5-1, Total cost: 2911.75
2024-11-17 20:19:43,166 INFO     Solver: gnn, Problem: 5,5,5-2, Total cost: 5944.42
2024-11-17 20:19:43,279 INFO     Solver: gnn, Problem: 5,5,5-3, Total cost: 6653.88
